{
  "0 debug pnpm:scope": {
    "selected": 6,
    "total": 6,
    "workspacePrefix": "C:\\all\\code\\plow\\charrue-el"
  },
  "1 debug pnpm:package-manifest": {
    "initial": {
      "name": "charrue-el",
      "version": "1.0.0",
      "main": "index.js",
      "author": "曹康文",
      "license": "MIT",
      "private": true,
      "workspaces": [
        "packages/*"
      ],
      "scripts": {
        "start:examples": "cd packages/examples && npm run serve",
        "start:docs": "cd packages/docs && npm run start",
        "build": "node ./build/build.js",
        "build:component": "node ./build/build.component.js",
        "build:style": "gulp --gulpfile ./build/build.style.js",
        "build:docs": "cd packages/docs && npm run build",
        "deploy:docs": "cd packages/docs && npm run deploy"
      },
      "devDependencies": {
        "@rollup/plugin-commonjs": "^19.0.0",
        "@rollup/plugin-node-resolve": "^13.0.0",
        "@rollup/plugin-typescript": "^8.2.1",
        "@typescript-eslint/eslint-plugin": "^4.28.1",
        "@typescript-eslint/parser": "^4.28.1",
        "babel-eslint": "^10.1.0",
        "cz-conventional-changelog": "^3.3.0",
        "eslint": "^7.30.0",
        "eslint-config-prettier": "^8.3.0",
        "eslint-plugin-prettier": "^3.4.0",
        "eslint-plugin-prettier-vue": "^3.1.0",
        "eslint-plugin-vue": "^7.12.1",
        "gulp": "^4.0.2",
        "gulp-autoprefixer": "^8.0.0",
        "gulp-clean-css": "^4.3.0",
        "gulp-cssmin": "^0.2.0",
        "gulp-dart-sass": "^1.0.2",
        "gulp-rename": "^2.0.0",
        "rollup": "^2.52.7",
        "rollup-plugin-babel": "^4.4.0",
        "rollup-plugin-css-only": "^3.1.0",
        "rollup-plugin-esbuild": "^4.5.0",
        "rollup-plugin-terser": "^7.0.2",
        "rollup-plugin-typescript2": "^0.30.0",
        "rollup-plugin-vue": "4.3.0",
        "typescript": "^4.3.5"
      },
      "config": {
        "commitizen": {
          "path": "./node_modules/cz-conventional-changelog"
        }
      }
    },
    "prefix": "C:\\all\\code\\plow\\charrue-el"
  },
  "2 debug pnpm:package-manifest": {
    "initial": {
      "name": "charrue-el-docs",
      "version": "0.0.1",
      "private": true,
      "main": "index.js",
      "scripts": {
        "start": "vuepress dev docs",
        "docs:dev": "vuepress dev docs",
        "build": "vuepress build docs",
        "deploy": "bash deploy.sh"
      },
      "license": "MIT",
      "dependencies": {
        "core-js": "^2.6.11",
        "prismjs": "^1.24.1",
        "vuepress-plugin-code-copy": "^1.0.6",
        "vuepress-theme-antdocs": "^1.0.0-beta.1"
      },
      "devDependencies": {
        "@babel/compat-data": "^7.9.0",
        "babel-loader": "^8.2.2",
        "vuepress": "^1.3.1",
        "vuepress-plugin-auto-sidebar": "^1.4.1",
        "vuepress-plugin-cursor-effects": "^0.0.4",
        "vuepress-plugin-demo-container": "^0.2.0",
        "vuepress-plugin-go-top": "^1.0.0",
        "vuepress-plugin-permalink-pinyin": "^1.0.0",
        "vuepress-plugin-reading-progress": "^1.0.9"
      }
    },
    "prefix": "C:\\all\\code\\plow\\charrue-el\\packages\\docs"
  },
  "3 debug pnpm:package-manifest": {
    "initial": {
      "name": "@charrue/examples",
      "private": true,
      "version": "0.0.1",
      "author": "ckangwen <2437037469@qq.com>",
      "scripts": {
        "serve": "vue-cli-service serve",
        "build": "vue-cli-service build",
        "lint": "vue-cli-service lint"
      },
      "dependencies": {
        "@charrue/layout": "workspace:@lastest",
        "@charrue/schema-table": "workspace:@lastest",
        "@vue/composition-api": "^1.0.5",
        "core-js": "^3.6.5",
        "element-ui": "^2.15.3",
        "vue": "^2.6.11",
        "vue-router": "^3.2.0",
        "vuex": "^3.6.2"
      },
      "devDependencies": {
        "@vue/babel-helper-vue-jsx-merge-props": "^1.2.1",
        "@vue/babel-preset-jsx": "^1.2.4",
        "@vue/cli-plugin-babel": "~4.5.0",
        "@vue/cli-plugin-router": "~4.5.0",
        "@vue/cli-service": "~4.5.0",
        "prettier": "^2.2.1",
        "sass": "^1.26.5",
        "sass-loader": "^8.0.2",
        "vue-template-compiler": "^2.6.11"
      }
    },
    "prefix": "C:\\all\\code\\plow\\charrue-el\\packages\\examples"
  },
  "4 debug pnpm:package-manifest": {
    "initial": {
      "name": "@charrue/layout",
      "version": "0.0.6",
      "description": "解决中后台布局的问题，提供自动生成菜单与定制页面布局",
      "author": "ckangwen <2437037469@qq.com>",
      "homepage": "https://github.com/charrue/charrue-el/blob/master/packages/layout/README.md",
      "license": "MIT",
      "main": "dist/index.js",
      "unpkg": "dist/umd/index.js",
      "typings": "typings/index.d.ts",
      "files": [
        "dist",
        "src",
        "typings"
      ],
      "scripts": {
        "build": "cd .. && npm run build:style layout && npm run build:component layout"
      }
    },
    "prefix": "C:\\all\\code\\plow\\charrue-el\\packages\\layout"
  },
  "5 debug pnpm:package-manifest": {
    "initial": {
      "name": "@charrue/schema-table",
      "version": "0.0.1",
      "description": "",
      "author": "ckangwen",
      "homepage": "https://github.com/charrue/charrue-el/blob/master/packages/schema-table/README.md",
      "license": "MIT",
      "main": "src/index.js",
      "unpkg": "dist/umd/index.js",
      "typings": "typings/index.d.ts",
      "files": [
        "dist",
        "src",
        "typings"
      ],
      "scripts": {
        "build": "cd .. && npm run build:style schema-table && npm run build:component schema-table"
      },
      "devDependencies": {
        "lodash.clonedeep": "^4.5.0"
      }
    },
    "prefix": "C:\\all\\code\\plow\\charrue-el\\packages\\schema-table"
  },
  "6 debug pnpm:package-manifest": {
    "initial": {
      "name": "@charrue/example-v3",
      "private": true,
      "version": "0.1.0",
      "scripts": {
        "dev": "vite",
        "build": "vite build",
        "serve": "vite preview"
      },
      "dependencies": {
        "@charrue/layout": "workspace:@lastest",
        "element-plus": "^1.2.0-beta.1",
        "vue": "^3.2.20",
        "vue-router": "4"
      },
      "devDependencies": {
        "@types/node": "^16.11.6",
        "@vitejs/plugin-vue": "^1.9.4",
        "@vue/compiler-sfc": "^3.2.20",
        "sass": "^1.43.4",
        "typescript": "^4.4.4",
        "unplugin-vue-components": "^0.17.0",
        "vite": "^2.6.13"
      },
      "license": "MIT"
    },
    "prefix": "C:\\all\\code\\plow\\charrue-el\\packages\\example-v3"
  },
  "7 debug pnpm:context": {
    "currentLockfileExists": false,
    "storeDir": "C:\\Users\\24370\\.pnpm-store\\v3",
    "virtualStoreDir": "C:\\all\\code\\plow\\charrue-el\\node_modules\\.pnpm"
  },
  "8 debug pnpm:stage": {
    "prefix": "C:\\all\\code\\plow\\charrue-el",
    "stage": "resolution_started"
  },
  "9 debug pnpm:_dependency_resolved": {
    "resolution": "registry.npmmirror.com/@rollup/plugin-commonjs/19.0.2",
    "wanted": {
      "dependentId": ".",
      "name": "@rollup/plugin-commonjs",
      "rawSpec": "^19.0.0"
    }
  },
  "10 debug pnpm:_dependency_resolved": {
    "resolution": "registry.npmmirror.com/@rollup/plugin-node-resolve/13.0.6",
    "wanted": {
      "dependentId": ".",
      "name": "@rollup/plugin-node-resolve",
      "rawSpec": "^13.0.0"
    }
  },
  "11 debug pnpm:_dependency_resolved": {
    "resolution": "registry.npmmirror.com/@rollup/plugin-typescript/8.3.0",
    "wanted": {
      "dependentId": ".",
      "name": "@rollup/plugin-typescript",
      "rawSpec": "^8.2.1"
    }
  },
  "12 debug pnpm:_dependency_resolved": {
    "resolution": "registry.npmmirror.com/@typescript-eslint/eslint-plugin/4.33.0",
    "wanted": {
      "dependentId": ".",
      "name": "@typescript-eslint/eslint-plugin",
      "rawSpec": "^4.28.1"
    }
  },
  "13 debug pnpm:_dependency_resolved": {
    "resolution": "registry.npmmirror.com/@typescript-eslint/parser/4.33.0",
    "wanted": {
      "dependentId": ".",
      "name": "@typescript-eslint/parser",
      "rawSpec": "^4.28.1"
    }
  },
  "14 debug pnpm:_dependency_resolved": {
    "resolution": "registry.npmmirror.com/babel-eslint/10.1.0",
    "wanted": {
      "dependentId": ".",
      "name": "babel-eslint",
      "rawSpec": "^10.1.0"
    }
  },
  "15 debug pnpm:_dependency_resolved": {
    "resolution": "registry.npmmirror.com/cz-conventional-changelog/3.3.0",
    "wanted": {
      "dependentId": ".",
      "name": "cz-conventional-changelog",
      "rawSpec": "^3.3.0"
    }
  },
  "16 debug pnpm:_dependency_resolved": {
    "resolution": "registry.npmmirror.com/eslint/7.32.0",
    "wanted": {
      "dependentId": ".",
      "name": "eslint",
      "rawSpec": "^7.30.0"
    }
  },
  "17 debug pnpm:_dependency_resolved": {
    "resolution": "registry.nlark.com/eslint-config-prettier/8.3.0",
    "wanted": {
      "dependentId": ".",
      "name": "eslint-config-prettier",
      "rawSpec": "^8.3.0"
    }
  },
  "18 debug pnpm:_dependency_resolved": {
    "resolution": "registry.npmmirror.com/eslint-plugin-prettier/3.4.1",
    "wanted": {
      "dependentId": ".",
      "name": "eslint-plugin-prettier",
      "rawSpec": "^3.4.0"
    }
  },
  "19 debug pnpm:_dependency_resolved": {
    "resolution": "registry.npmmirror.com/eslint-plugin-prettier-vue/3.1.0",
    "wanted": {
      "dependentId": ".",
      "name": "eslint-plugin-prettier-vue",
      "rawSpec": "^3.1.0"
    }
  },
  "20 debug pnpm:_dependency_resolved": {
    "resolution": "registry.npmmirror.com/eslint-plugin-vue/7.20.0",
    "wanted": {
      "dependentId": ".",
      "name": "eslint-plugin-vue",
      "rawSpec": "^7.12.1"
    }
  },
  "21 debug pnpm:_dependency_resolved": {
    "resolution": "registry.npmmirror.com/gulp/4.0.2",
    "wanted": {
      "dependentId": ".",
      "name": "gulp",
      "rawSpec": "^4.0.2"
    }
  },
  "22 debug pnpm:_dependency_resolved": {
    "resolution": "registry.npmmirror.com/gulp-autoprefixer/8.0.0",
    "wanted": {
      "dependentId": ".",
      "name": "gulp-autoprefixer",
      "rawSpec": "^8.0.0"
    }
  },
  "23 debug pnpm:_dependency_resolved": {
    "resolution": "registry.npmmirror.com/gulp-clean-css/4.3.0",
    "wanted": {
      "dependentId": ".",
      "name": "gulp-clean-css",
      "rawSpec": "^4.3.0"
    }
  },
  "24 debug pnpm:_dependency_resolved": {
    "resolution": "registry.npmmirror.com/gulp-cssmin/0.2.0",
    "wanted": {
      "dependentId": ".",
      "name": "gulp-cssmin",
      "rawSpec": "^0.2.0"
    }
  },
  "25 debug pnpm:_dependency_resolved": {
    "resolution": "registry.npmmirror.com/gulp-dart-sass/1.0.2",
    "wanted": {
      "dependentId": ".",
      "name": "gulp-dart-sass",
      "rawSpec": "^1.0.2"
    }
  },
  "26 debug pnpm:_dependency_resolved": {
    "resolution": "registry.npmmirror.com/gulp-rename/2.0.0",
    "wanted": {
      "dependentId": ".",
      "name": "gulp-rename",
      "rawSpec": "^2.0.0"
    }
  },
  "27 debug pnpm:_dependency_resolved": {
    "resolution": "registry.npmmirror.com/rollup/2.60.0",
    "wanted": {
      "dependentId": ".",
      "name": "rollup",
      "rawSpec": "^2.52.7"
    }
  },
  "28 debug pnpm:_dependency_resolved": {
    "resolution": "registry.npmmirror.com/rollup-plugin-babel/4.4.0",
    "wanted": {
      "dependentId": ".",
      "name": "rollup-plugin-babel",
      "rawSpec": "^4.4.0"
    }
  },
  "29 debug pnpm:_dependency_resolved": {
    "resolution": "registry.npmmirror.com/rollup-plugin-css-only/3.1.0",
    "wanted": {
      "dependentId": ".",
      "name": "rollup-plugin-css-only",
      "rawSpec": "^3.1.0"
    }
  },
  "30 debug pnpm:_dependency_resolved": {
    "resolution": "registry.npmmirror.com/rollup-plugin-esbuild/4.6.0",
    "wanted": {
      "dependentId": ".",
      "name": "rollup-plugin-esbuild",
      "rawSpec": "^4.5.0"
    }
  },
  "31 debug pnpm:_dependency_resolved": {
    "resolution": "registry.nlark.com/rollup-plugin-terser/7.0.2",
    "wanted": {
      "dependentId": ".",
      "name": "rollup-plugin-terser",
      "rawSpec": "^7.0.2"
    }
  },
  "32 debug pnpm:_dependency_resolved": {
    "resolution": "registry.npmmirror.com/rollup-plugin-typescript2/0.30.0",
    "wanted": {
      "dependentId": ".",
      "name": "rollup-plugin-typescript2",
      "rawSpec": "^0.30.0"
    }
  },
  "33 debug pnpm:_dependency_resolved": {
    "resolution": "registry.npmmirror.com/rollup-plugin-vue/4.3.0",
    "wanted": {
      "dependentId": ".",
      "name": "rollup-plugin-vue",
      "rawSpec": "4.3.0"
    }
  },
  "34 debug pnpm:_dependency_resolved": {
    "resolution": "registry.npmmirror.com/typescript/4.4.4",
    "wanted": {
      "dependentId": ".",
      "name": "typescript",
      "rawSpec": "^4.3.5"
    }
  },
  "35 debug pnpm:_dependency_resolved": {
    "resolution": "registry.npmmirror.com/@babel/compat-data/7.16.0",
    "wanted": {
      "dependentId": "packages/docs",
      "name": "@babel/compat-data",
      "rawSpec": "^7.9.0"
    }
  },
  "36 debug pnpm:_dependency_resolved": {
    "resolution": "registry.npmmirror.com/babel-loader/8.2.3",
    "wanted": {
      "dependentId": "packages/docs",
      "name": "babel-loader",
      "rawSpec": "^8.2.2"
    }
  },
  "37 debug pnpm:_dependency_resolved": {
    "resolution": "registry.npmmirror.com/vuepress/1.8.2",
    "wanted": {
      "dependentId": "packages/docs",
      "name": "vuepress",
      "rawSpec": "^1.3.1"
    }
  },
  "38 debug pnpm:_dependency_resolved": {
    "resolution": "registry.npmmirror.com/vuepress-plugin-auto-sidebar/1.5.0",
    "wanted": {
      "dependentId": "packages/docs",
      "name": "vuepress-plugin-auto-sidebar",
      "rawSpec": "^1.4.1"
    }
  },
  "39 debug pnpm:_dependency_resolved": {
    "resolution": "registry.npmmirror.com/vuepress-plugin-cursor-effects/0.0.4",
    "wanted": {
      "dependentId": "packages/docs",
      "name": "vuepress-plugin-cursor-effects",
      "rawSpec": "^0.0.4"
    }
  },
  "40 debug pnpm:_dependency_resolved": {
    "resolution": "registry.npmmirror.com/vuepress-plugin-demo-container/0.2.0",
    "wanted": {
      "dependentId": "packages/docs",
      "name": "vuepress-plugin-demo-container",
      "rawSpec": "^0.2.0"
    }
  },
  "41 debug pnpm:_dependency_resolved": {
    "resolution": "registry.npmmirror.com/vuepress-plugin-go-top/1.0.4",
    "wanted": {
      "dependentId": "packages/docs",
      "name": "vuepress-plugin-go-top",
      "rawSpec": "^1.0.0"
    }
  },
  "42 debug pnpm:_dependency_resolved": {
    "resolution": "registry.npmmirror.com/vuepress-plugin-permalink-pinyin/1.0.0",
    "wanted": {
      "dependentId": "packages/docs",
      "name": "vuepress-plugin-permalink-pinyin",
      "rawSpec": "^1.0.0"
    }
  },
  "43 debug pnpm:_dependency_resolved": {
    "resolution": "registry.npmmirror.com/vuepress-plugin-reading-progress/1.0.10",
    "wanted": {
      "dependentId": "packages/docs",
      "name": "vuepress-plugin-reading-progress",
      "rawSpec": "^1.0.9"
    }
  },
  "44 debug pnpm:_dependency_resolved": {
    "resolution": "registry.npmmirror.com/core-js/2.6.12",
    "wanted": {
      "dependentId": "packages/docs",
      "name": "core-js",
      "rawSpec": "^2.6.11"
    }
  },
  "45 debug pnpm:_dependency_resolved": {
    "resolution": "registry.npmmirror.com/prismjs/1.25.0",
    "wanted": {
      "dependentId": "packages/docs",
      "name": "prismjs",
      "rawSpec": "^1.24.1"
    }
  },
  "46 debug pnpm:_dependency_resolved": {
    "resolution": "registry.npmmirror.com/vuepress-plugin-code-copy/1.0.6",
    "wanted": {
      "dependentId": "packages/docs",
      "name": "vuepress-plugin-code-copy",
      "rawSpec": "^1.0.6"
    }
  },
  "47 debug pnpm:_dependency_resolved": {
    "resolution": "registry.npmmirror.com/vuepress-theme-antdocs/1.3.5",
    "wanted": {
      "dependentId": "packages/docs",
      "name": "vuepress-theme-antdocs",
      "rawSpec": "^1.0.0-beta.1"
    }
  },
  "48 debug pnpm:_dependency_resolved": {
    "resolution": "registry.nlark.com/@vue/babel-helper-vue-jsx-merge-props/1.2.1",
    "wanted": {
      "dependentId": "packages/examples",
      "name": "@vue/babel-helper-vue-jsx-merge-props",
      "rawSpec": "^1.2.1"
    }
  },
  "49 debug pnpm:_dependency_resolved": {
    "resolution": "registry.nlark.com/@vue/babel-preset-jsx/1.2.4",
    "wanted": {
      "dependentId": "packages/examples",
      "name": "@vue/babel-preset-jsx",
      "rawSpec": "^1.2.4"
    }
  },
  "50 debug pnpm:_dependency_resolved": {
    "resolution": "registry.npmmirror.com/@vue/cli-plugin-babel/4.5.15",
    "wanted": {
      "dependentId": "packages/examples",
      "name": "@vue/cli-plugin-babel",
      "rawSpec": "~4.5.0"
    }
  },
  "51 debug pnpm:_dependency_resolved": {
    "resolution": "registry.npmmirror.com/@vue/cli-plugin-router/4.5.15",
    "wanted": {
      "dependentId": "packages/examples",
      "name": "@vue/cli-plugin-router",
      "rawSpec": "~4.5.0"
    }
  },
  "52 debug pnpm:_dependency_resolved": {
    "resolution": "registry.npmmirror.com/@vue/cli-service/4.5.15",
    "wanted": {
      "dependentId": "packages/examples",
      "name": "@vue/cli-service",
      "rawSpec": "~4.5.0"
    }
  },
  "53 debug pnpm:_dependency_resolved": {
    "resolution": "registry.nlark.com/prettier/2.4.1",
    "wanted": {
      "dependentId": "packages/examples",
      "name": "prettier",
      "rawSpec": "^2.2.1"
    }
  },
  "54 debug pnpm:_dependency_resolved": {
    "resolution": "registry.npmmirror.com/sass/1.43.4",
    "wanted": {
      "dependentId": "packages/examples",
      "name": "sass",
      "rawSpec": "^1.26.5"
    }
  },
  "55 debug pnpm:_dependency_resolved": {
    "resolution": "registry.npmmirror.com/sass-loader/8.0.2",
    "wanted": {
      "dependentId": "packages/examples",
      "name": "sass-loader",
      "rawSpec": "^8.0.2"
    }
  },
  "56 debug pnpm:_dependency_resolved": {
    "resolution": "registry.nlark.com/vue-template-compiler/2.6.14",
    "wanted": {
      "dependentId": "packages/examples",
      "name": "vue-template-compiler",
      "rawSpec": "^2.6.11"
    }
  },
  "57 debug pnpm:_dependency_resolved": {
    "resolution": "registry.npmmirror.com/@vue/composition-api/1.3.3",
    "wanted": {
      "dependentId": "packages/examples",
      "name": "@vue/composition-api",
      "rawSpec": "^1.0.5"
    }
  },
  "58 debug pnpm:_dependency_resolved": {
    "resolution": "registry.npmmirror.com/core-js/3.19.1",
    "wanted": {
      "dependentId": "packages/examples",
      "name": "core-js",
      "rawSpec": "^3.6.5"
    }
  },
  "59 debug pnpm:_dependency_resolved": {
    "resolution": "registry.npmmirror.com/element-ui/2.15.6",
    "wanted": {
      "dependentId": "packages/examples",
      "name": "element-ui",
      "rawSpec": "^2.15.3"
    }
  },
  "60 debug pnpm:_dependency_resolved": {
    "resolution": "registry.npmmirror.com/vue/2.6.14",
    "wanted": {
      "dependentId": "packages/examples",
      "name": "vue",
      "rawSpec": "^2.6.11"
    }
  },
  "61 debug pnpm:_dependency_resolved": {
    "resolution": "registry.npmmirror.com/vue-router/3.5.3",
    "wanted": {
      "dependentId": "packages/examples",
      "name": "vue-router",
      "rawSpec": "^3.2.0"
    }
  },
  "62 debug pnpm:_dependency_resolved": {
    "resolution": "registry.nlark.com/vuex/3.6.2",
    "wanted": {
      "dependentId": "packages/examples",
      "name": "vuex",
      "rawSpec": "^3.6.2"
    }
  },
  "63 debug pnpm:_dependency_resolved": {
    "resolution": "registry.nlark.com/lodash.clonedeep/4.5.0",
    "wanted": {
      "dependentId": "packages/schema-table",
      "name": "lodash.clonedeep",
      "rawSpec": "^4.5.0"
    }
  },
  "64 debug pnpm:_dependency_resolved": {
    "resolution": "registry.npmmirror.com/@types/node/16.11.7",
    "wanted": {
      "dependentId": "packages/example-v3",
      "name": "@types/node",
      "rawSpec": "^16.11.6"
    }
  },
  "65 debug pnpm:_dependency_resolved": {
    "resolution": "registry.npmmirror.com/@vitejs/plugin-vue/1.10.1",
    "wanted": {
      "dependentId": "packages/example-v3",
      "name": "@vitejs/plugin-vue",
      "rawSpec": "^1.9.4"
    }
  },
  "66 debug pnpm:_dependency_resolved": {
    "resolution": "registry.npmmirror.com/@vue/compiler-sfc/3.2.24",
    "wanted": {
      "dependentId": "packages/example-v3",
      "name": "@vue/compiler-sfc",
      "rawSpec": "^3.2.20"
    }
  },
  "67 debug pnpm:_dependency_resolved": {
    "resolution": "registry.npmmirror.com/sass/1.43.4",
    "wanted": {
      "dependentId": "packages/example-v3",
      "name": "sass",
      "rawSpec": "^1.43.4"
    }
  },
  "68 debug pnpm:_dependency_resolved": {
    "resolution": "registry.npmmirror.com/typescript/4.4.4",
    "wanted": {
      "dependentId": "packages/example-v3",
      "name": "typescript",
      "rawSpec": "^4.4.4"
    }
  },
  "69 debug pnpm:_dependency_resolved": {
    "resolution": "registry.npmmirror.com/unplugin-vue-components/0.17.6",
    "wanted": {
      "dependentId": "packages/example-v3",
      "name": "unplugin-vue-components",
      "rawSpec": "^0.17.0"
    }
  },
  "70 debug pnpm:_dependency_resolved": {
    "resolution": "registry.npmmirror.com/vite/2.6.14",
    "wanted": {
      "dependentId": "packages/example-v3",
      "name": "vite",
      "rawSpec": "^2.6.13"
    }
  },
  "71 debug pnpm:_dependency_resolved": {
    "resolution": "registry.npmmirror.com/element-plus/1.2.0-beta.5",
    "wanted": {
      "dependentId": "packages/example-v3",
      "name": "element-plus",
      "rawSpec": "^1.2.0-beta.1"
    }
  },
  "72 debug pnpm:_dependency_resolved": {
    "resolution": "registry.npmmirror.com/vue/3.2.24",
    "wanted": {
      "dependentId": "packages/example-v3",
      "name": "vue",
      "rawSpec": "^3.2.20"
    }
  },
  "73 debug pnpm:_dependency_resolved": {
    "resolution": "registry.npmmirror.com/vue-router/4.0.12",
    "wanted": {
      "dependentId": "packages/example-v3",
      "name": "vue-router",
      "rawSpec": "4"
    }
  },
  "74 error pnpm": {
    "pkgsStack": [],
    "err": {
      "name": "pnpm",
      "message": "Invalid workspace: spec (workspace:@lastest)",
      "stack": "pnpm: Invalid workspace: spec (workspace:@lastest)\n    at tryResolveFromWorkspace (C:\\Users\\24370\\AppData\\Roaming\\npm\\node_modules\\pnpm\\dist\\pnpm.cjs:84951:15)\n    at resolveNpm (C:\\Users\\24370\\AppData\\Roaming\\npm\\node_modules\\pnpm\\dist\\pnpm.cjs:84862:39)\n    at Object.resolve (C:\\Users\\24370\\AppData\\Roaming\\npm\\node_modules\\pnpm\\dist\\pnpm.cjs:85074:40)\n    at ctx.requestsQueue.add.priority (C:\\Users\\24370\\AppData\\Roaming\\npm\\node_modules\\pnpm\\dist\\pnpm.cjs:71135:75)\n    at run (C:\\Users\\24370\\AppData\\Roaming\\npm\\node_modules\\pnpm\\dist\\pnpm.cjs:70882:90)\n    at PQueue._tryToStartAnother (C:\\Users\\24370\\AppData\\Roaming\\npm\\node_modules\\pnpm\\dist\\pnpm.cjs:70836:13)\n    at C:\\Users\\24370\\AppData\\Roaming\\npm\\node_modules\\pnpm\\dist\\pnpm.cjs:70895:16\n    at new Promise (<anonymous>)\n    at PQueue.add (C:\\Users\\24370\\AppData\\Roaming\\npm\\node_modules\\pnpm\\dist\\pnpm.cjs:70877:16)\n    at resolveAndFetch (C:\\Users\\24370\\AppData\\Roaming\\npm\\node_modules\\pnpm\\dist\\pnpm.cjs:71135:55)"
    }
  }
}