Arguments: 
  C:\Program Files\nodejs\node.exe C:\Users\24370\AppData\Roaming\npm\node_modules\yarn\bin\yarn.js publish --access=public

PATH: 
  C:\Users\24370\bin;C:\Program Files\Git\mingw64\bin;C:\Program Files\Git\usr\local\bin;C:\Program Files\Git\usr\bin;C:\Program Files\Git\usr\bin;C:\Program Files\Git\mingw64\bin;C:\Program Files\Git\usr\bin;C:\Users\24370\bin;C:\Program Files\Python37\Scripts;C:\Program Files\Python37;C:\WINDOWS\system32;C:\WINDOWS;C:\WINDOWS\System32\Wbem;C:\WINDOWS\System32\WindowsPowerShell\v1.0;C:\WINDOWS\System32\OpenSSH;C:\Program Files\Java\jdk1.8.0_211\bin;C:\maven\bin;C:\Users\24370\Downloads\cmder_mini;%NVM_HOME%;%NVM_SYMLINK%;C:\Program Files\nodejs;C:\Program Files\Git\cmd;C:\Program Files\Go\bin;C:\Users\24370\AppData\Local\Microsoft\WindowsApps;C:\Users\24370\AppData\Local\Programs\Microsoft VS Code\bin;C:\Program Files\MongoDB\Server\4.0\bin;C:\Users\24370\AppData\Local\Programs\Python\Python36-32;C:\Users\24370\AppData\Roaming\Python\Python37\Scripts;C:\mysql\bin;%CMDER_HOME%;C:\Users\24370\AppData\Local\Programs\CodeExpander\resources\app\nodes;C:\Users\24370\.once-gui\installation\node_modules\.bin;C:\Users\24370\AppData\Local\Programs\CodeExpander\resources\app\node_modules\.bin;C:\Users\24370\Downloads\graphviz-2.38\release\bin;C:\flutter\flutter\bin;C:\dart-sdk\bin;C:\Program Files\JetBrains\WebStorm 2019.3.1\bin;C:\Users\24370\AppData\Local\Microsoft\WindowsApps;C:\Users\24370\AppData\Roaming\nvm;C:\Users\24370\AppData\Roaming\npm;C:\Program Files\JetBrains\WebStorm 2021.3\bin;C:\Users\24370\go\bin;C:\Program Files\Git\usr\bin\vendor_perl;C:\Program Files\Git\usr\bin\core_perl

Yarn version: 
  1.22.10

Node version: 
  14.16.0

Platform: 
  win32 x64

Trace: 
  Error: https://registry.npmjs.org/-/user/org.couchdb.user:charrue: Request "https://registry.npmjs.org/-/user/org.couchdb.user:charrue" returned a 403
      at Request.params.callback [as _callback] (C:\Users\24370\AppData\Roaming\npm\node_modules\yarn\lib\cli.js:66997:18)
      at Request.self.callback (C:\Users\24370\AppData\Roaming\npm\node_modules\yarn\lib\cli.js:140662:22)
      at Request.emit (events.js:315:20)
      at Request.<anonymous> (C:\Users\24370\AppData\Roaming\npm\node_modules\yarn\lib\cli.js:141634:10)
      at Request.emit (events.js:315:20)
      at Gunzip.<anonymous> (C:\Users\24370\AppData\Roaming\npm\node_modules\yarn\lib\cli.js:141556:12)
      at Object.onceWrapper (events.js:421:28)
      at Gunzip.emit (events.js:315:20)
      at endReadableNT (internal/streams/readable.js:1327:12)
      at processTicksAndRejections (internal/process/task_queues.js:80:21)

npm manifest: 
  {
    "name": "@charrue/layout",
    "version": "0.0.14",
    "description": "解决中后台布局的问题，提供自动生成菜单与定制页面布局",
    "author": "ckangwen <2437037469@qq.com>",
    "repository": {
      "type": "git",
      "url": "git+https://github.com/charrue/charrue-el.git"
    },
    "homepage": "https://github.com/charrue/charrue-el/blob/master/packages/layout/README.md",
    "license": "MIT",
    "main": "dist/index.cjs.js",
    "files": [
      "dist"
    ],
    "dependencies": {
      "@charrue/layout-internal": "workspace:*"
    },
    "devDependencies": {
      "@charrue/build-v2": "workspace:*"
    },
    "scripts": {
      "build": "build-v2 --input=./index.js --name=layout --ignore-dependencies=all",
      "build:style": "cd .. && npm run build:style layout"
    }
  }

yarn manifest: 
  No manifest

Lockfile: 
  No lockfile
